<?xml version="1.0" encoding="UTF-8"?>
<testsuites name="TestSuiteOne" time="12" tests="2" failures="0" errors="0">
   <testsuite name="TestSuiteOne" tests="2" failures="0" errors="0" time="12" timestamp="2018-11-06 15:10:00" hostname="raghav - 192.168.1.2" id="Test Suites/TestSuiteOne">
      <properties>
         <property name="deviceName" value=""/>
         <property name="devicePlatform" value=""/>
         <property name="logFolder" value="/Users/raghav/Katalon Studio/Sample SOAP API Testing Project/Reports/TestSuiteOne/20181106_150953"/>
         <property name="logFiles" value="/Users/raghav/Katalon Studio/Sample SOAP API Testing Project/Reports/TestSuiteOne/20181106_150953/execution0.log"/>
         <property name="attachments" value=""/>
         <property name="hostName" value="raghav - 192.168.1.2"/>
         <property name="hostAddress" value="192.168.1.2"/>
         <property name="os" value="Mac OS X 64bit"/>
         <property name="katalonVersion" value="5.8.4.14"/>
      </properties>
      <testcase name="Test Cases/TestTwo_APIChaining" classname="Test Cases/TestTwo_APIChaining" status="PASSED">
         <system-out><![CDATA[2018-11-06 15:10:02 - [TEST_CASE][PASSED] - Test Cases/TestTwo_APIChaining: Test Cases/TestTwo_APIChaining

2018-11-06 15:10:04 - [TEST_STEP][PASSED] - Statement - response1 = com.kms.katalon.core.webservice.keyword.WSBuiltInKeywords.sendRequest(com.kms.katalon.core.testobject.ObjectRepository.findTestObject(CountryInfoSOAPService/GetCountryListByNames)): Send request successfully

2018-11-06 15:10:06 - [MESSAGE][PASSED] - Send request successfully

2018-11-06 15:10:06 - [TEST_STEP][PASSED] - Statement - xml1 = responseBodyContent: null

2018-11-06 15:10:07 - [TEST_STEP][PASSED] - Statement - dataValue = new groovy.util.XmlSlurper().parseText(xml1): null

2018-11-06 15:10:07 - [TEST_STEP][PASSED] - Statement - countryCode = sISOCode.text(): null

2018-11-06 15:10:07 - [TEST_STEP][PASSED] - Statement - countryCode = countryCode: null

2018-11-06 15:10:07 - [TEST_STEP][PASSED] - Statement - println(".... value for Global Variable is : " + countryCode): null

2018-11-06 15:10:07 - [TEST_STEP][PASSED] - sendRequest: Send request successfully

2018-11-06 15:10:08 - [MESSAGE][PASSED] - Send request successfully]]></system-out>
         <system-err><![CDATA[]]></system-err>
      </testcase>
      <testcase name="Test Cases/TestOne" classname="Test Cases/TestOne" status="PASSED">
         <system-out><![CDATA[2018-11-06 15:10:08 - [TEST_CASE][PASSED] - Test Cases/TestOne: Test Cases/TestOne

2018-11-06 15:10:09 - [TEST_STEP][PASSED] - sendRequest: Send request successfully

2018-11-06 15:10:10 - [MESSAGE][PASSED] - Send request successfully

2018-11-06 15:10:10 - [TEST_STEP][PASSED] - sendRequestAndVerify: Send request and verify the response successfully

2018-11-06 15:10:11 - [TEST_CASE][PASSED] - Start Test Case : Verification: Verification accomplished successfully

2018-11-06 15:10:11 - [TEST_STEP][PASSED] - Statement - request = com.kms.katalon.core.webservice.verification.WSResponseManager.getInstance().getCurrentRequest(): null

2018-11-06 15:10:11 - [TEST_STEP][PASSED] - Statement - response = com.kms.katalon.core.webservice.verification.WSResponseManager.getInstance().getCurrentResponse(): null

2018-11-06 15:10:11 - [TEST_STEP][PASSED] - verifyResponseStatusCode: Verify response status code successfully

2018-11-06 15:10:12 - [MESSAGE][PASSED] - Verify response status code successfully

2018-11-06 15:10:12 - [TEST_STEP][PASSED] - Statement - org.assertj.core.api.Assertions.assertThat(response.getStatusCode()).isEqualTo(200): null

2018-11-06 15:10:12 - [TEST_STEP][PASSED] - verifyElementText: Verify element text successfully

2018-11-06 15:10:13 - [MESSAGE][PASSED] - Verify element text successfully

2018-11-06 15:10:13 - [MESSAGE][PASSED] - Verify response successfully

2018-11-06 15:10:13 - [MESSAGE][PASSED] - Send request and verify the response successfully]]></system-out>
         <system-err><![CDATA[]]></system-err>
      </testcase>
      <system-out><![CDATA[2018-11-06 15:10:00 - [TEST_SUITE][PASSED] - TestSuiteOne: Test Cases/TestOne]]></system-out>
      <system-err><![CDATA[]]></system-err>
   </testsuite>
</testsuites>
