<?xml version="1.0" encoding="UTF-8"?>
<testsuites name="TestSuiteOne" time="3" tests="1" failures="0" errors="0">
   <testsuite name="TestSuiteOne" tests="1" failures="0" errors="0" time="3" timestamp="2018-11-06 15:47:10" hostname="raghav - 192.168.1.2" id="Test Suites/TestSuiteOne">
      <properties>
         <property name="deviceName" value=""/>
         <property name="devicePlatform" value=""/>
         <property name="logFolder" value="/Users/raghav/Katalon Studio/Sample SOAP API Testing Project/Reports/TestSuiteOne/20181106_154708"/>
         <property name="logFiles" value="/Users/raghav/Katalon Studio/Sample SOAP API Testing Project/Reports/TestSuiteOne/20181106_154708/execution0.log"/>
         <property name="attachments" value=""/>
         <property name="hostName" value="raghav - 192.168.1.2"/>
         <property name="hostAddress" value="192.168.1.2"/>
         <property name="os" value="Mac OS X 64bit"/>
         <property name="katalonVersion" value="5.8.4.14"/>
      </properties>
      <testcase name="Test Cases/TestFour_DataDrivenTesting" classname="Test Cases/TestFour_DataDrivenTesting" status="PASSED">
         <system-out><![CDATA[2018-11-06 15:47:11 - [TEST_CASE][PASSED] - Test Cases/TestFour_DataDrivenTesting: Test Cases/TestFour_DataDrivenTesting

2018-11-06 15:47:11 - [TEST_STEP][PASSED] - sendRequest: Send request successfully

2018-11-06 15:47:13 - [MESSAGE][PASSED] - Send request successfully]]></system-out>
         <system-err><![CDATA[]]></system-err>
      </testcase>
      <system-out><![CDATA[2018-11-06 15:47:10 - [TEST_SUITE][PASSED] - TestSuiteOne: Test Cases/TestFour_DataDrivenTesting]]></system-out>
      <system-err><![CDATA[]]></system-err>
   </testsuite>
</testsuites>
